[2019-08-12 14:39:17] [DEBUG] [main.go:main:8] 这是一条Debug日志
[2019-08-12 14:39:17] [INFO] [main.go:main:9] 这是一条info日志
[2019-08-12 14:39:17] [WARNING] [main.go:main:10] 这是一条warning日志
[2019-08-12 14:39:17] [ERROR] [main.go:main:13] 这是一条Error日志,id:10010,name:理想
[2019-08-12 14:39:17] [FATAL] [main.go:main:14] 这是一条Fatal日志
[2019-08-12 14:39:17] [DEBUG] [main.go:main:8] 这是一条Debug日志
[2019-08-12 14:39:17] [INFO] [main.go:main:9] 这是一条info日志
[2019-08-12 14:39:17] [WARNING] [main.go:main:10] 这是一条warning日志
[2019-08-12 14:39:17] [ERROR] [main.go:main:13] 这是一条Error日志,id:10010,name:理想
[2019-08-12 14:39:17] [FATAL] [main.go:main:14] 这是一条Fatal日志
[2019-08-12 14:39:17] [DEBUG] [main.go:main:8] 这是一条Debug日志
[2019-08-12 14:39:17] [INFO] [main.go:main:9] 这是一条info日志
[2019-08-12 14:39:17] [WARNING] [main.go:main:10] 这是一条warning日志
[2019-08-12 14:39:17] [ERROR] [main.go:main:13] 这是一条Error日志,id:10010,name:理想
[2019-08-12 14:39:17] [FATAL] [main.go:main:14] 这是一条Fatal日志
[2019-08-12 14:39:17] [DEBUG] [main.go:main:8] 这是一条Debug日志
[2019-08-12 14:39:17] [INFO] [main.go:main:9] 这是一条info日志
[2019-08-12 14:39:17] [WARNING] [main.go:main:10] 这是一条warning日志
[2019-08-12 14:39:17] [ERROR] [main.go:main:13] 这是一条Error日志,id:10010,name:理想
[2019-08-12 14:39:17] [FATAL] [main.go:main:14] 这是一条Fatal日志
[2019-08-12 14:39:17] [DEBUG] [main.go:main:8] 这是一条Debug日志
[2019-08-12 14:39:17] [INFO] [main.go:main:9] 这是一条info日志
[2019-08-12 14:39:17] [WARNING] [main.go:main:10] 这是一条warning日志
[2019-08-12 14:39:17] [ERROR] [main.go:main:13] 这是一条Error日志,id:10010,name:理想
[2019-08-12 14:39:17] [FATAL] [main.go:main:14] 这是一条Fatal日志
[2019-08-12 14:39:17] [DEBUG] [main.go:main:8] 这是一条Debug日志
[2019-08-12 14:39:17] [INFO] [main.go:main:9] 这是一条info日志
[2019-08-12 14:39:17] [WARNING] [main.go:main:10] 这是一条warning日志
[2019-08-12 14:39:17] [ERROR] [main.go:main:13] 这是一条Error日志,id:10010,name:理想
[2019-08-12 14:39:17] [FATAL] [main.go:main:14] 这是一条Fatal日志
[2019-08-12 14:39:17] [DEBUG] [main.go:main:8] 这是一条Debug日志
[2019-08-12 14:39:17] [INFO] [main.go:main:9] 这是一条info日志
[2019-08-12 14:39:17] [WARNING] [main.go:main:10] 这是一条warning日志
[2019-08-12 14:39:17] [ERROR] [main.go:main:13] 这是一条Error日志,id:10010,name:理想
[2019-08-12 14:39:17] [FATAL] [main.go:main:14] 这是一条Fatal日志
[2019-08-12 14:39:17] [DEBUG] [main.go:main:8] 这是一条Debug日志
[2019-08-12 14:39:17] [INFO] [main.go:main:9] 这是一条info日志
[2019-08-12 14:39:17] [WARNING] [main.go:main:10] 这是一条warning日志
[2019-08-12 14:39:17] [ERROR] [main.go:main:13] 这是一条Error日志,id:10010,name:理想
[2019-08-12 14:39:17] [FATAL] [main.go:main:14] 这是一条Fatal日志
[2019-08-12 14:39:17] [DEBUG] [main.go:main:8] 这是一条Debug日志
[2019-08-12 14:39:17] [INFO] [main.go:main:9] 这是一条info日志
[2019-08-12 14:39:17] [WARNING] [main.go:main:10] 这是一条warning日志
[2019-08-12 14:39:17] [ERROR] [main.go:main:13] 这是一条Error日志,id:10010,name:理想
[2019-08-12 14:39:17] [FATAL] [main.go:main:14] 这是一条Fatal日志
[2019-08-12 14:39:17] [DEBUG] [main.go:main:8] 这是一条Debug日志
[2019-08-12 14:39:17] [INFO] [main.go:main:9] 这是一条info日志
[2019-08-12 14:39:17] [WARNING] [main.go:main:10] 这是一条warning日志
[2019-08-12 14:39:17] [ERROR] [main.go:main:13] 这是一条Error日志,id:10010,name:理想
[2019-08-12 14:39:17] [FATAL] [main.go:main:14] 这是一条Fatal日志
[2019-08-12 14:39:17] [DEBUG] [main.go:main:8] 这是一条Debug日志
[2019-08-12 14:39:17] [INFO] [main.go:main:9] 这是一条info日志
[2019-08-12 14:39:17] [WARNING] [main.go:main:10] 这是一条warning日志
[2019-08-12 14:39:17] [ERROR] [main.go:main:13] 这是一条Error日志,id:10010,name:理想
[2019-08-12 14:39:17] [FATAL] [main.go:main:14] 这是一条Fatal日志
[2019-08-12 14:39:17] [DEBUG] [main.go:main:8] 这是一条Debug日志
[2019-08-12 14:39:17] [INFO] [main.go:main:9] 这是一条info日志
[2019-08-12 14:39:17] [WARNING] [main.go:main:10] 这是一条warning日志
[2019-08-12 14:39:17] [ERROR] [main.go:main:13] 这是一条Error日志,id:10010,name:理想
[2019-08-12 14:39:17] [FATAL] [main.go:main:14] 这是一条Fatal日志
[2019-08-12 14:39:17] [DEBUG] [main.go:main:8] 这是一条Debug日志
[2019-08-12 14:39:17] [INFO] [main.go:main:9] 这是一条info日志
[2019-08-12 14:39:17] [WARNING] [main.go:main:10] 这是一条warning日志
[2019-08-12 14:39:17] [ERROR] [main.go:main:13] 这是一条Error日志,id:10010,name:理想
[2019-08-12 14:39:17] [FATAL] [main.go:main:14] 这是一条Fatal日志
[2019-08-12 14:39:17] [DEBUG] [main.go:main:8] 这是一条Debug日志
[2019-08-12 14:39:17] [INFO] [main.go:main:9] 这是一条info日志
[2019-08-12 14:39:17] [WARNING] [main.go:main:10] 这是一条warning日志
[2019-08-12 14:39:17] [ERROR] [main.go:main:13] 这是一条Error日志,id:10010,name:理想
[2019-08-12 14:39:17] [FATAL] [main.go:main:14] 这是一条Fatal日志
[2019-08-12 14:39:17] [DEBUG] [main.go:main:8] 这是一条Debug日志
[2019-08-12 14:39:17] [INFO] [main.go:main:9] 这是一条info日志
[2019-08-12 14:39:17] [WARNING] [main.go:main:10] 这是一条warning日志
[2019-08-12 14:39:17] [ERROR] [main.go:main:13] 这是一条Error日志,id:10010,name:理想
[2019-08-12 14:39:17] [FATAL] [main.go:main:14] 这是一条Fatal日志
[2019-08-12 14:39:17] [DEBUG] [main.go:main:8] 这是一条Debug日志
[2019-08-12 14:39:17] [INFO] [main.go:main:9] 这是一条info日志
[2019-08-12 14:39:17] [WARNING] [main.go:main:10] 这是一条warning日志
[2019-08-12 14:39:17] [ERROR] [main.go:main:13] 这是一条Error日志,id:10010,name:理想
[2019-08-12 14:39:17] [FATAL] [main.go:main:14] 这是一条Fatal日志
[2019-08-12 14:39:17] [DEBUG] [main.go:main:8] 这是一条Debug日志
[2019-08-12 14:39:17] [INFO] [main.go:main:9] 这是一条info日志
[2019-08-12 14:39:17] [WARNING] [main.go:main:10] 这是一条warning日志
[2019-08-12 14:39:17] [ERROR] [main.go:main:13] 这是一条Error日志,id:10010,name:理想
[2019-08-12 14:39:17] [FATAL] [main.go:main:14] 这是一条Fatal日志
[2019-08-12 14:39:17] [DEBUG] [main.go:main:8] 这是一条Debug日志
[2019-08-12 14:39:17] [INFO] [main.go:main:9] 这是一条info日志
[2019-08-12 14:39:17] [WARNING] [main.go:main:10] 这是一条warning日志
[2019-08-12 14:39:17] [ERROR] [main.go:main:13] 这是一条Error日志,id:10010,name:理想
[2019-08-12 14:39:17] [FATAL] [main.go:main:14] 这是一条Fatal日志
[2019-08-12 14:39:17] [DEBUG] [main.go:main:8] 这是一条Debug日志
[2019-08-12 14:39:17] [INFO] [main.go:main:9] 这是一条info日志
[2019-08-12 14:39:17] [WARNING] [main.go:main:10] 这是一条warning日志
[2019-08-12 14:39:17] [ERROR] [main.go:main:13] 这是一条Error日志,id:10010,name:理想
[2019-08-12 14:39:17] [FATAL] [main.go:main:14] 这是一条Fatal日志
[2019-08-12 14:39:17] [DEBUG] [main.go:main:8] 这是一条Debug日志
[2019-08-12 14:39:17] [INFO] [main.go:main:9] 这是一条info日志
[2019-08-12 14:39:17] [WARNING] [main.go:main:10] 这是一条warning日志
[2019-08-12 14:39:17] [ERROR] [main.go:main:13] 这是一条Error日志,id:10010,name:理想
[2019-08-12 14:39:17] [FATAL] [main.go:main:14] 这是一条Fatal日志
[2019-08-12 14:39:17] [DEBUG] [main.go:main:8] 这是一条Debug日志
[2019-08-12 14:39:17] [INFO] [main.go:main:9] 这是一条info日志
[2019-08-12 14:39:17] [WARNING] [main.go:main:10] 这是一条warning日志
[2019-08-12 14:39:17] [ERROR] [main.go:main:13] 这是一条Error日志,id:10010,name:理想
